<?xml version="1.0" encoding="UTF-8"?>
<testng-results ignored="0" total="2" passed="2" failed="0" skipped="0">
  <reporter-output>
  </reporter-output>
  <suite started-at="2022-11-17T17:12:43 EET" name="Default suite" finished-at="2022-11-17T17:12:50 EET" duration-ms="7750">
    <groups>
    </groups>
    <test started-at="2022-11-17T17:12:43 EET" name="Default test" finished-at="2022-11-17T17:12:50 EET" duration-ms="7750">
      <class name="webdrivermanger.Html">
        <test-method is-config="true" signature="login()[pri:0, instance:webdrivermanger.Html@8dbdac1]" started-at="2022-11-17T17:12:43 EET" name="login" finished-at="2022-11-17T17:12:50 EET" duration-ms="7701" status="PASS">
          <reporter-output>
          </reporter-output>
        </test-method> <!-- login -->
        <test-method signature="the_logout_test()[pri:0, instance:webdrivermanger.Html@8dbdac1]" started-at="2022-11-17T17:12:50 EET" name="the_logout_test" finished-at="2022-11-17T17:12:50 EET" duration-ms="6" status="PASS">
          <reporter-output>
          </reporter-output>
        </test-method> <!-- the_logout_test -->
        <test-method signature="the_title_test()[pri:0, instance:webdrivermanger.Html@8dbdac1]" started-at="2022-11-17T17:12:50 EET" name="the_title_test" finished-at="2022-11-17T17:12:50 EET" duration-ms="13" status="PASS">
          <reporter-output>
          </reporter-output>
        </test-method> <!-- the_title_test -->
      </class> <!-- webdrivermanger.Html -->
    </test> <!-- Default test -->
  </suite> <!-- Default suite -->
</testng-results>
